<?xml version="1.0" encoding="UTF-8"?>
<!-- Generated by org.testng.reporters.JUnitReportReporter -->
<testsuite hostname="DESKTOP-973NT7M" failures="0" tests="20" name="Tc.Loginpagewheels" time="68.946" errors="0" timestamp="2021-03-23T18:15:44 IST" skipped="0">
  <testcase classname="Tc.Loginpagewheels" name="browser" time="0.066"/>
  <system-out/>
  <testcase classname="Tc.Loginpagewheels" name="url" time="0.001"/>
  <system-out/>
  <testcase classname="Tc.Loginpagewheels" name="loginsearch" time="1.043"/>
  <system-out/>
  <testcase classname="Tc.Loginpagewheels" name="googlebutton" time="2.392"/>
  <system-out/>
  <testcase classname="Tc.Loginpagewheels" name="emaildata" time="5.589"/>
  <system-out/>
  <testcase classname="Tc.Loginpagewheels" name="verify" time="3.280"/>
  <system-out/>
  <testcase classname="Tc.Loginpagewheels" name="navigateback" time="3.413"/>
  <system-out/>
  <testcase classname="Tc.Loginpagewheels" name="bike" time="1.239"/>
  <system-out/>
  <testcase classname="Tc.Loginpagewheels" name="manufacture" time="2.988"/>
  <system-out/>
  <testcase classname="Tc.Loginpagewheels" name="honda" time="10.554"/>
  <system-out/>
  <testcase classname="Tc.Loginpagewheels" name="bikes4lakhs" time="8.229"/>
  <system-out/>
  <testcase classname="Tc.Loginpagewheels" name="mainpage" time="4.269"/>
  <system-out/>
  <testcase classname="Tc.Loginpagewheels" name="usedcars" time="6.739"/>
  <system-out/>
  <testcase classname="Tc.Loginpagewheels" name="city" time="0.627"/>
  <system-out/>
  <testcase classname="Tc.Loginpagewheels" name="chennai" time="4.402"/>
  <system-out/>
  <testcase classname="Tc.Loginpagewheels" name="recent" time="0.750"/>
  <system-out/>
  <testcase classname="Tc.Loginpagewheels" name="list" time="5.850"/>
  <system-out/>
  <testcase classname="Tc.Loginpagewheels" name="data" time="0.221"/>
  <system-out/>
  <testcase classname="Tc.Loginpagewheels" name="mainpage1" time="4.840"/>
  <system-out/>
  <testcase classname="Tc.Loginpagewheels" name="moveFocusToMainWindow" time="2.454"/>
  <system-out/>
</testsuite> <!-- Tc.Loginpagewheels -->
