<?xml version="1.0" encoding="UTF-8"?>
<testsuite xmlns:xsi="http://www.w3.org/2001/XMLSchema-instance" xsi:noNamespaceSchemaLocation="https://maven.apache.org/surefire/maven-surefire-plugin/xsd/surefire-test-report-3.0.xsd" version="3.0" name="TestSuite" time="81.497" tests="20" errors="0" skipped="0" failures="0">
  <properties>
    <property name="java.specification.version" value="15"/>
    <property name="webdriver.chrome.driver" value="./Webdriver/chromedriver.exe"/>
    <property name="sun.cpu.isalist" value="amd64"/>
    <property name="sun.jnu.encoding" value="Cp1252"/>
    <property name="java.class.path" value="C:\eclipse-workspace\com.Hackathonbikenewbike\target\test-classes;C:\eclipse-workspace\com.Hackathonbikenewbike\target\classes;C:\Users\KUSAL MALLICK\.m2\repository\junit\junit\4.11\junit-4.11.jar;C:\Users\KUSAL MALLICK\.m2\repository\org\hamcrest\hamcrest-core\1.3\hamcrest-core-1.3.jar;C:\Users\KUSAL MALLICK\.m2\repository\org\testng\testng\7.1.0\testng-7.1.0.jar;C:\Users\KUSAL MALLICK\.m2\repository\com\beust\jcommander\1.72\jcommander-1.72.jar;C:\Users\KUSAL MALLICK\.m2\repository\com\google\inject\guice\4.1.0\guice-4.1.0-no_aop.jar;C:\Users\KUSAL MALLICK\.m2\repository\javax\inject\javax.inject\1\javax.inject-1.jar;C:\Users\KUSAL MALLICK\.m2\repository\aopalliance\aopalliance\1.0\aopalliance-1.0.jar;C:\Users\KUSAL MALLICK\.m2\repository\org\yaml\snakeyaml\1.21\snakeyaml-1.21.jar;C:\Users\KUSAL MALLICK\.m2\repository\org\seleniumhq\selenium\selenium-java\3.141.59\selenium-java-3.141.59.jar;C:\Users\KUSAL MALLICK\.m2\repository\org\seleniumhq\selenium\selenium-api\3.141.59\selenium-api-3.141.59.jar;C:\Users\KUSAL MALLICK\.m2\repository\org\seleniumhq\selenium\selenium-chrome-driver\3.141.59\selenium-chrome-driver-3.141.59.jar;C:\Users\KUSAL MALLICK\.m2\repository\org\seleniumhq\selenium\selenium-edge-driver\3.141.59\selenium-edge-driver-3.141.59.jar;C:\Users\KUSAL MALLICK\.m2\repository\org\seleniumhq\selenium\selenium-firefox-driver\3.141.59\selenium-firefox-driver-3.141.59.jar;C:\Users\KUSAL MALLICK\.m2\repository\org\seleniumhq\selenium\selenium-ie-driver\3.141.59\selenium-ie-driver-3.141.59.jar;C:\Users\KUSAL MALLICK\.m2\repository\org\seleniumhq\selenium\selenium-opera-driver\3.141.59\selenium-opera-driver-3.141.59.jar;C:\Users\KUSAL MALLICK\.m2\repository\org\seleniumhq\selenium\selenium-remote-driver\3.141.59\selenium-remote-driver-3.141.59.jar;C:\Users\KUSAL MALLICK\.m2\repository\org\seleniumhq\selenium\selenium-safari-driver\3.141.59\selenium-safari-driver-3.141.59.jar;C:\Users\KUSAL MALLICK\.m2\repository\org\seleniumhq\selenium\selenium-support\3.141.59\selenium-support-3.141.59.jar;C:\Users\KUSAL MALLICK\.m2\repository\net\bytebuddy\byte-buddy\1.8.15\byte-buddy-1.8.15.jar;C:\Users\KUSAL MALLICK\.m2\repository\org\apache\commons\commons-exec\1.3\commons-exec-1.3.jar;C:\Users\KUSAL MALLICK\.m2\repository\com\google\guava\guava\25.0-jre\guava-25.0-jre.jar;C:\Users\KUSAL MALLICK\.m2\repository\com\google\code\findbugs\jsr305\1.3.9\jsr305-1.3.9.jar;C:\Users\KUSAL MALLICK\.m2\repository\org\checkerframework\checker-compat-qual\2.0.0\checker-compat-qual-2.0.0.jar;C:\Users\KUSAL MALLICK\.m2\repository\com\google\errorprone\error_prone_annotations\2.1.3\error_prone_annotations-2.1.3.jar;C:\Users\KUSAL MALLICK\.m2\repository\com\google\j2objc\j2objc-annotations\1.1\j2objc-annotations-1.1.jar;C:\Users\KUSAL MALLICK\.m2\repository\org\codehaus\mojo\animal-sniffer-annotations\1.14\animal-sniffer-annotations-1.14.jar;C:\Users\KUSAL MALLICK\.m2\repository\com\squareup\okhttp3\okhttp\3.11.0\okhttp-3.11.0.jar;C:\Users\KUSAL MALLICK\.m2\repository\com\squareup\okio\okio\1.14.0\okio-1.14.0.jar;C:\Users\KUSAL MALLICK\.m2\repository\io\github\bonigarcia\webdrivermanager\3.8.1\webdrivermanager-3.8.1.jar;C:\Users\KUSAL MALLICK\.m2\repository\org\slf4j\slf4j-api\1.7.25\slf4j-api-1.7.25.jar;C:\Users\KUSAL MALLICK\.m2\repository\commons-io\commons-io\2.6\commons-io-2.6.jar;C:\Users\KUSAL MALLICK\.m2\repository\com\google\code\gson\gson\2.8.5\gson-2.8.5.jar;C:\Users\KUSAL MALLICK\.m2\repository\org\apache\commons\commons-lang3\3.8.1\commons-lang3-3.8.1.jar;C:\Users\KUSAL MALLICK\.m2\repository\org\apache\httpcomponents\httpclient\4.5.6\httpclient-4.5.6.jar;C:\Users\KUSAL MALLICK\.m2\repository\org\apache\httpcomponents\httpcore\4.4.10\httpcore-4.4.10.jar;C:\Users\KUSAL MALLICK\.m2\repository\commons-logging\commons-logging\1.2\commons-logging-1.2.jar;C:\Users\KUSAL MALLICK\.m2\repository\org\rauschig\jarchivelib\1.0.0\jarchivelib-1.0.0.jar;C:\Users\KUSAL MALLICK\.m2\repository\org\jsoup\jsoup\1.11.3\jsoup-1.11.3.jar;C:\Users\KUSAL MALLICK\.m2\repository\com\aventstack\extentreports\3.1.5\extentreports-3.1.5.jar;C:\Users\KUSAL MALLICK\.m2\repository\org\freemarker\freemarker\2.3.23\freemarker-2.3.23.jar;C:\Users\KUSAL MALLICK\.m2\repository\org\mongodb\mongodb-driver\3.3.0\mongodb-driver-3.3.0.jar;C:\Users\KUSAL MALLICK\.m2\repository\org\mongodb\bson\3.3.0\bson-3.3.0.jar;C:\Users\KUSAL MALLICK\.m2\repository\org\mongodb\mongodb-driver-core\3.3.0\mongodb-driver-core-3.3.0.jar;C:\Users\KUSAL MALLICK\.m2\repository\org\apache\httpcomponents\httpmime\4.5.2\httpmime-4.5.2.jar;C:\Users\KUSAL MALLICK\.m2\repository\org\apache\poi\poi\4.1.0\poi-4.1.0.jar;C:\Users\KUSAL MALLICK\.m2\repository\commons-codec\commons-codec\1.12\commons-codec-1.12.jar;C:\Users\KUSAL MALLICK\.m2\repository\org\apache\commons\commons-collections4\4.3\commons-collections4-4.3.jar;C:\Users\KUSAL MALLICK\.m2\repository\org\apache\commons\commons-math3\3.6.1\commons-math3-3.6.1.jar;C:\Users\KUSAL MALLICK\.m2\repository\org\apache\poi\poi-ooxml\4.1.0\poi-ooxml-4.1.0.jar;C:\Users\KUSAL MALLICK\.m2\repository\org\apache\poi\poi-ooxml-schemas\4.1.0\poi-ooxml-schemas-4.1.0.jar;C:\Users\KUSAL MALLICK\.m2\repository\org\apache\xmlbeans\xmlbeans\3.1.0\xmlbeans-3.1.0.jar;C:\Users\KUSAL MALLICK\.m2\repository\org\apache\commons\commons-compress\1.18\commons-compress-1.18.jar;C:\Users\KUSAL MALLICK\.m2\repository\com\github\virtuald\curvesapi\1.06\curvesapi-1.06.jar;C:\Users\KUSAL MALLICK\.m2\repository\log4j\log4j\1.2.17\log4j-1.2.17.jar;"/>
    <property name="java.vm.vendor" value="Oracle Corporation"/>
    <property name="sun.arch.data.model" value="64"/>
    <property name="user.variant" value=""/>
    <property name="java.vendor.url" value="https://java.oracle.com/"/>
    <property name="user.timezone" value="Asia/Calcutta"/>
    <property name="os.name" value="Windows 10"/>
    <property name="java.vm.specification.version" value="15"/>
    <property name="sun.java.launcher" value="SUN_STANDARD"/>
    <property name="user.country" value="IN"/>
    <property name="sun.boot.library.path" value="C:\eclipse-java-2020-12-R-win32-x86_64\eclipse\plugins\org.eclipse.justj.openjdk.hotspot.jre.full.win32.x86_64_15.0.1.v20201027-0507\jre\bin"/>
    <property name="sun.java.command" value="C:\Users\KUSAL MALLICK\AppData\Local\Temp\surefire5893897754042447824\surefirebooter4385919036777129469.jar C:\Users\KUSAL MALLICK\AppData\Local\Temp\surefire5893897754042447824 2021-03-23T18-14-20_428-jvmRun1 surefire4433849903916737214tmp surefire_02754099177584491466tmp"/>
    <property name="jdk.debug" value="release"/>
    <property name="surefire.test.class.path" value="C:\eclipse-workspace\com.Hackathonbikenewbike\target\test-classes;C:\eclipse-workspace\com.Hackathonbikenewbike\target\classes;C:\Users\KUSAL MALLICK\.m2\repository\junit\junit\4.11\junit-4.11.jar;C:\Users\KUSAL MALLICK\.m2\repository\org\hamcrest\hamcrest-core\1.3\hamcrest-core-1.3.jar;C:\Users\KUSAL MALLICK\.m2\repository\org\testng\testng\7.1.0\testng-7.1.0.jar;C:\Users\KUSAL MALLICK\.m2\repository\com\beust\jcommander\1.72\jcommander-1.72.jar;C:\Users\KUSAL MALLICK\.m2\repository\com\google\inject\guice\4.1.0\guice-4.1.0-no_aop.jar;C:\Users\KUSAL MALLICK\.m2\repository\javax\inject\javax.inject\1\javax.inject-1.jar;C:\Users\KUSAL MALLICK\.m2\repository\aopalliance\aopalliance\1.0\aopalliance-1.0.jar;C:\Users\KUSAL MALLICK\.m2\repository\org\yaml\snakeyaml\1.21\snakeyaml-1.21.jar;C:\Users\KUSAL MALLICK\.m2\repository\org\seleniumhq\selenium\selenium-java\3.141.59\selenium-java-3.141.59.jar;C:\Users\KUSAL MALLICK\.m2\repository\org\seleniumhq\selenium\selenium-api\3.141.59\selenium-api-3.141.59.jar;C:\Users\KUSAL MALLICK\.m2\repository\org\seleniumhq\selenium\selenium-chrome-driver\3.141.59\selenium-chrome-driver-3.141.59.jar;C:\Users\KUSAL MALLICK\.m2\repository\org\seleniumhq\selenium\selenium-edge-driver\3.141.59\selenium-edge-driver-3.141.59.jar;C:\Users\KUSAL MALLICK\.m2\repository\org\seleniumhq\selenium\selenium-firefox-driver\3.141.59\selenium-firefox-driver-3.141.59.jar;C:\Users\KUSAL MALLICK\.m2\repository\org\seleniumhq\selenium\selenium-ie-driver\3.141.59\selenium-ie-driver-3.141.59.jar;C:\Users\KUSAL MALLICK\.m2\repository\org\seleniumhq\selenium\selenium-opera-driver\3.141.59\selenium-opera-driver-3.141.59.jar;C:\Users\KUSAL MALLICK\.m2\repository\org\seleniumhq\selenium\selenium-remote-driver\3.141.59\selenium-remote-driver-3.141.59.jar;C:\Users\KUSAL MALLICK\.m2\repository\org\seleniumhq\selenium\selenium-safari-driver\3.141.59\selenium-safari-driver-3.141.59.jar;C:\Users\KUSAL MALLICK\.m2\repository\org\seleniumhq\selenium\selenium-support\3.141.59\selenium-support-3.141.59.jar;C:\Users\KUSAL MALLICK\.m2\repository\net\bytebuddy\byte-buddy\1.8.15\byte-buddy-1.8.15.jar;C:\Users\KUSAL MALLICK\.m2\repository\org\apache\commons\commons-exec\1.3\commons-exec-1.3.jar;C:\Users\KUSAL MALLICK\.m2\repository\com\google\guava\guava\25.0-jre\guava-25.0-jre.jar;C:\Users\KUSAL MALLICK\.m2\repository\com\google\code\findbugs\jsr305\1.3.9\jsr305-1.3.9.jar;C:\Users\KUSAL MALLICK\.m2\repository\org\checkerframework\checker-compat-qual\2.0.0\checker-compat-qual-2.0.0.jar;C:\Users\KUSAL MALLICK\.m2\repository\com\google\errorprone\error_prone_annotations\2.1.3\error_prone_annotations-2.1.3.jar;C:\Users\KUSAL MALLICK\.m2\repository\com\google\j2objc\j2objc-annotations\1.1\j2objc-annotations-1.1.jar;C:\Users\KUSAL MALLICK\.m2\repository\org\codehaus\mojo\animal-sniffer-annotations\1.14\animal-sniffer-annotations-1.14.jar;C:\Users\KUSAL MALLICK\.m2\repository\com\squareup\okhttp3\okhttp\3.11.0\okhttp-3.11.0.jar;C:\Users\KUSAL MALLICK\.m2\repository\com\squareup\okio\okio\1.14.0\okio-1.14.0.jar;C:\Users\KUSAL MALLICK\.m2\repository\io\github\bonigarcia\webdrivermanager\3.8.1\webdrivermanager-3.8.1.jar;C:\Users\KUSAL MALLICK\.m2\repository\org\slf4j\slf4j-api\1.7.25\slf4j-api-1.7.25.jar;C:\Users\KUSAL MALLICK\.m2\repository\commons-io\commons-io\2.6\commons-io-2.6.jar;C:\Users\KUSAL MALLICK\.m2\repository\com\google\code\gson\gson\2.8.5\gson-2.8.5.jar;C:\Users\KUSAL MALLICK\.m2\repository\org\apache\commons\commons-lang3\3.8.1\commons-lang3-3.8.1.jar;C:\Users\KUSAL MALLICK\.m2\repository\org\apache\httpcomponents\httpclient\4.5.6\httpclient-4.5.6.jar;C:\Users\KUSAL MALLICK\.m2\repository\org\apache\httpcomponents\httpcore\4.4.10\httpcore-4.4.10.jar;C:\Users\KUSAL MALLICK\.m2\repository\commons-logging\commons-logging\1.2\commons-logging-1.2.jar;C:\Users\KUSAL MALLICK\.m2\repository\org\rauschig\jarchivelib\1.0.0\jarchivelib-1.0.0.jar;C:\Users\KUSAL MALLICK\.m2\repository\org\jsoup\jsoup\1.11.3\jsoup-1.11.3.jar;C:\Users\KUSAL MALLICK\.m2\repository\com\aventstack\extentreports\3.1.5\extentreports-3.1.5.jar;C:\Users\KUSAL MALLICK\.m2\repository\org\freemarker\freemarker\2.3.23\freemarker-2.3.23.jar;C:\Users\KUSAL MALLICK\.m2\repository\org\mongodb\mongodb-driver\3.3.0\mongodb-driver-3.3.0.jar;C:\Users\KUSAL MALLICK\.m2\repository\org\mongodb\bson\3.3.0\bson-3.3.0.jar;C:\Users\KUSAL MALLICK\.m2\repository\org\mongodb\mongodb-driver-core\3.3.0\mongodb-driver-core-3.3.0.jar;C:\Users\KUSAL MALLICK\.m2\repository\org\apache\httpcomponents\httpmime\4.5.2\httpmime-4.5.2.jar;C:\Users\KUSAL MALLICK\.m2\repository\org\apache\poi\poi\4.1.0\poi-4.1.0.jar;C:\Users\KUSAL MALLICK\.m2\repository\commons-codec\commons-codec\1.12\commons-codec-1.12.jar;C:\Users\KUSAL MALLICK\.m2\repository\org\apache\commons\commons-collections4\4.3\commons-collections4-4.3.jar;C:\Users\KUSAL MALLICK\.m2\repository\org\apache\commons\commons-math3\3.6.1\commons-math3-3.6.1.jar;C:\Users\KUSAL MALLICK\.m2\repository\org\apache\poi\poi-ooxml\4.1.0\poi-ooxml-4.1.0.jar;C:\Users\KUSAL MALLICK\.m2\repository\org\apache\poi\poi-ooxml-schemas\4.1.0\poi-ooxml-schemas-4.1.0.jar;C:\Users\KUSAL MALLICK\.m2\repository\org\apache\xmlbeans\xmlbeans\3.1.0\xmlbeans-3.1.0.jar;C:\Users\KUSAL MALLICK\.m2\repository\org\apache\commons\commons-compress\1.18\commons-compress-1.18.jar;C:\Users\KUSAL MALLICK\.m2\repository\com\github\virtuald\curvesapi\1.06\curvesapi-1.06.jar;C:\Users\KUSAL MALLICK\.m2\repository\log4j\log4j\1.2.17\log4j-1.2.17.jar;"/>
    <property name="sun.cpu.endian" value="little"/>
    <property name="user.home" value="C:\Users\KUSAL MALLICK"/>
    <property name="user.language" value="en"/>
    <property name="java.specification.vendor" value="Oracle Corporation"/>
    <property name="java.version.date" value="2020-10-20"/>
    <property name="java.home" value="C:\eclipse-java-2020-12-R-win32-x86_64\eclipse\plugins\org.eclipse.justj.openjdk.hotspot.jre.full.win32.x86_64_15.0.1.v20201027-0507\jre"/>
    <property name="file.separator" value="\"/>
    <property name="basedir" value="C:\eclipse-workspace\com.Hackathonbikenewbike"/>
    <property name="java.vm.compressedOopsMode" value="32-bit"/>
    <property name="line.separator" value="&#10;"/>
    <property name="java.vm.specification.vendor" value="Oracle Corporation"/>
    <property name="java.specification.name" value="Java Platform API Specification"/>
    <property name="surefire.real.class.path" value="C:\Users\KUSAL MALLICK\AppData\Local\Temp\surefire5893897754042447824\surefirebooter4385919036777129469.jar"/>
    <property name="user.script" value=""/>
    <property name="sun.management.compiler" value="HotSpot 64-Bit Tiered Compilers"/>
    <property name="java.runtime.version" value="15.0.1+9-18"/>
    <property name="user.name" value="KUSAL MALLICK"/>
    <property name="path.separator" value=";"/>
    <property name="os.version" value="10.0"/>
    <property name="java.runtime.name" value="OpenJDK Runtime Environment"/>
    <property name="file.encoding" value="Cp1252"/>
    <property name="java.vm.name" value="OpenJDK 64-Bit Server VM"/>
    <property name="localRepository" value="C:\Users\KUSAL MALLICK\.m2\repository"/>
    <property name="java.vendor.url.bug" value="https://bugreport.java.com/bugreport/"/>
    <property name="java.io.tmpdir" value="C:\Users\KUSALM~1\AppData\Local\Temp\"/>
    <property name="java.version" value="15.0.1"/>
    <property name="user.dir" value="C:\eclipse-workspace\com.Hackathonbikenewbike"/>
    <property name="os.arch" value="amd64"/>
    <property name="java.vm.specification.name" value="Java Virtual Machine Specification"/>
    <property name="sun.os.patch.level" value=""/>
    <property name="java.library.path" value="C:\eclipse-java-2020-12-R-win32-x86_64\eclipse\plugins\org.eclipse.justj.openjdk.hotspot.jre.full.win32.x86_64_15.0.1.v20201027-0507\jre\bin;C:\WINDOWS\Sun\Java\bin;C:\WINDOWS\system32;C:\WINDOWS;C:/eclipse-java-2020-12-R-win32-x86_64/eclipse//plugins/org.eclipse.justj.openjdk.hotspot.jre.full.win32.x86_64_15.0.1.v20201027-0507/jre/bin/server;C:/eclipse-java-2020-12-R-win32-x86_64/eclipse//plugins/org.eclipse.justj.openjdk.hotspot.jre.full.win32.x86_64_15.0.1.v20201027-0507/jre/bin;C:\Program Files\Common Files\Oracle\Java\javapath;C:\WINDOWS\system32;C:\WINDOWS;C:\WINDOWS\System32\Wbem;C:\WINDOWS\System32\WindowsPowerShell\v1.0\;C:\WINDOWS\System32\OpenSSH\;E:\desktope\freshdownload\command;C:\maven\apache-maven-3.6.3\bin;C:\Program Files\Java\jdk-15.0.1\bin;E:\desktope\freshdownload\vs studio\Microsoft VS Code\bin;%M2_HOME%\bin;;C:\eclipse-java-2020-12-R-win32-x86_64\eclipse;;."/>
    <property name="java.vm.info" value="mixed mode"/>
    <property name="java.vendor" value="Oracle Corporation"/>
    <property name="java.vm.version" value="15.0.1+9-18"/>
    <property name="sun.io.unicode.encoding" value="UnicodeLittle"/>
    <property name="java.class.version" value="59.0"/>
  </properties>
  <testcase name="browser" classname="Tc.Loginpagewheels" time="0.025">
    <system-out><![CDATA[Page Title:
ZigWheels - New Cars, Used Cars, Bikes Prices, News, Reviews, Forum
]]></system-out>
    <system-err><![CDATA[Starting ChromeDriver 88.0.4324.96 (68dba2d8a0b149a1d3afac56fa74648032bcf46b-refs/branch-heads/4324@{#1784}) on port 17820
Only local connections are allowed.
Please see https://chromedriver.chromium.org/security-considerations for suggestions on keeping ChromeDriver safe.
ChromeDriver was started successfully.
[1616503469.797][WARNING]: This version of ChromeDriver has not been tested with Chrome version 89.
Mar 23, 2021 6:14:30 PM org.openqa.selenium.remote.ProtocolHandshake createSession
INFO: Detected dialect: W3C
]]></system-err>
  </testcase>
  <testcase name="url" classname="Tc.Loginpagewheels" time="0.002"/>
  <testcase name="loginsearch" classname="Tc.Loginpagewheels" time="1.046"/>
  <testcase name="googlebutton" classname="Tc.Loginpagewheels" time="2.392"/>
  <testcase name="emaildata" classname="Tc.Loginpagewheels" time="5.59"/>
  <testcase name="verify" classname="Tc.Loginpagewheels" time="3.282">
    <system-out><![CDATA[Part 1:
Screen shot taken
Invalid value is given in signin.Hence it shows error as: Enter a valid email or phone number
]]></system-out>
  </testcase>
  <testcase name="navigateback" classname="Tc.Loginpagewheels" time="3.415"/>
  <testcase name="bike" classname="Tc.Loginpagewheels" time="1.239"/>
  <testcase name="manufacture" classname="Tc.Loginpagewheels" time="2.991"/>
  <testcase name="honda" classname="Tc.Loginpagewheels" time="10.552"/>
  <testcase name="bikes4lakhs" classname="Tc.Loginpagewheels" time="8.243">
    <system-out><![CDATA[PART 2:
Upcoming  Bikes Below 4 Lakhs are as follows:
Honda CB300R  2.41 Lakh  Exp. Launch : May 2021
Honda PCX160  1.20 Lakh  Exp. Launch : June 2021
Honda Forza 350  3.00 Lakh  Exp. Launch : June 2021
Honda PCX Electric  1.45 Lakh  Exp. Launch : July 2021
Honda Rebel 300  2.30 Lakh  Exp. Launch : August 2021
Honda CBR300R  3.00 Lakh  Exp. Launch : August 2021
Honda Hornet 2.0 Adventure  1.40 Lakh  Exp. Launch : September 2021
Honda CBR150R  1.60 Lakh  Exp. Launch : October 2022
]]></system-out>
  </testcase>
  <testcase name="mainpage" classname="Tc.Loginpagewheels" time="4.256"/>
  <testcase name="usedcars" classname="Tc.Loginpagewheels" time="6.739"/>
  <testcase name="city" classname="Tc.Loginpagewheels" time="0.626"/>
  <testcase name="chennai" classname="Tc.Loginpagewheels" time="4.404"/>
  <testcase name="recent" classname="Tc.Loginpagewheels" time="0.75"/>
  <testcase name="list" classname="Tc.Loginpagewheels" time="5.841"/>
  <testcase name="data" classname="Tc.Loginpagewheels" time="0.231">
    <system-out><![CDATA[Popular Models of Used Cars in Chennai are:-
1 Hyundai I10
2 Hyundai Santro Xing
3 Maruti Swift
4 Maruti Alto
5 Maruti 800
6 Toyota Innova
7 Toyota Fortuner
8 Honda City
9 Mahindra XUV500
10 Maruti Swift Dzire
]]></system-out>
  </testcase>
  <testcase name="mainpage1" classname="Tc.Loginpagewheels" time="4.831"/>
  <testcase name="moveFocusToMainWindow" classname="Tc.Loginpagewheels" time="2.454"/>
</testsuite>